Mess/app/build/intermediates/manifest_merge_blame_file/debug/manifest-merger-blame-debug-report.txt
1<?xml version="1.0" encoding="utf-8"?>
2<manifest xmlns:android="http://schemas.android.com/apk/res/android"
3    package="com.example.mess"
4    android:versionCode="1"
5    android:versionName="1.0" >
6
7    <uses-sdk
8        android:minSdkVersion="21"
8-->src\main\AndroidManifest.xml
9        android:targetSdkVersion="29" />
9-->src\main\AndroidManifest.xml
10
11    <uses-permission android:name="android.permission.INTERNET" />
11-->src\main\AndroidManifest.xml:5:5-67
11-->src\main\AndroidManifest.xml:5:22-64
12
13    <!-- Although the *SdkVersion is captured in gradle build files, this is required for non gradle builds -->
14    <!-- <uses-sdk android:minSdkVersion="14"/> -->
15    <uses-permission android:name="android.permission.ACCESS_NETWORK_STATE" /> <!-- Create a unique permission for your app and use it so only your app can receive your OneSignal messages. -->
15-->[com.google.firebase:firebase-storage:19.1.0] AndroidManifest.xml:26:5-79
15-->[com.google.firebase:firebase-storage:19.1.0] AndroidManifest.xml:26:22-76
16    <permission
16-->[com.onesignal:OneSignal:3.14.0] AndroidManifest.xml:7:5-9:47
17        android:name="com.example.mess.permission.C2D_MESSAGE"
17-->[com.onesignal:OneSignal:3.14.0] AndroidManifest.xml:8:9-63
18        android:protectionLevel="signature" />
18-->[com.onesignal:OneSignal:3.14.0] AndroidManifest.xml:9:9-44
19
20    <uses-permission android:name="com.example.mess.permission.C2D_MESSAGE" />
20-->[com.onesignal:OneSignal:3.14.0] AndroidManifest.xml:11:5-79
20-->[com.onesignal:OneSignal:3.14.0] AndroidManifest.xml:11:22-76
21    <uses-permission android:name="com.google.android.c2dm.permission.RECEIVE" /> <!-- Required, makes sure notifications are delivered on time. -->
21-->[com.onesignal:OneSignal:3.14.0] AndroidManifest.xml:17:5-82
21-->[com.onesignal:OneSignal:3.14.0] AndroidManifest.xml:17:22-79
22    <uses-permission android:name="android.permission.WAKE_LOCK" />
22-->[com.onesignal:OneSignal:3.14.0] AndroidManifest.xml:18:5-68
22-->[com.onesignal:OneSignal:3.14.0] AndroidManifest.xml:18:22-65
23    <!--
24 Required so the device vibrates on receiving a push notification.
25         Vibration settings of the device still apply.
26    -->
27    <uses-permission android:name="android.permission.VIBRATE" />
27-->[com.onesignal:OneSignal:3.14.0] AndroidManifest.xml:23:5-66
27-->[com.onesignal:OneSignal:3.14.0] AndroidManifest.xml:23:22-63
28    <!--
29 Use to restore notifications the user hasn't interacted with.
30         They could be missed notifications if the user reboots their device if this isn't in place.
31    -->
32    <uses-permission android:name="android.permission.RECEIVE_BOOT_COMPLETED" /> <!-- START: ShortcutBadger -->
32-->[com.onesignal:OneSignal:3.14.0] AndroidManifest.xml:29:5-81
32-->[com.onesignal:OneSignal:3.14.0] AndroidManifest.xml:29:22-78
33    <!-- Samsung -->
34    <uses-permission android:name="com.sec.android.provider.badge.permission.READ" />
34-->[com.onesignal:OneSignal:3.14.0] AndroidManifest.xml:31:5-86
34-->[com.onesignal:OneSignal:3.14.0] AndroidManifest.xml:31:22-83
35    <uses-permission android:name="com.sec.android.provider.badge.permission.WRITE" /> <!-- HTC -->
35-->[com.onesignal:OneSignal:3.14.0] AndroidManifest.xml:32:5-87
35-->[com.onesignal:OneSignal:3.14.0] AndroidManifest.xml:32:22-84
36    <uses-permission android:name="com.htc.launcher.permission.READ_SETTINGS" />
36-->[com.onesignal:OneSignal:3.14.0] AndroidManifest.xml:33:5-81
36-->[com.onesignal:OneSignal:3.14.0] AndroidManifest.xml:33:22-78
37    <uses-permission android:name="com.htc.launcher.permission.UPDATE_SHORTCUT" /> <!-- Sony -->
37-->[com.onesignal:OneSignal:3.14.0] AndroidManifest.xml:34:5-83
37-->[com.onesignal:OneSignal:3.14.0] AndroidManifest.xml:34:22-80
38    <uses-permission android:name="com.sonyericsson.home.permission.BROADCAST_BADGE" />
38-->[com.onesignal:OneSignal:3.14.0] AndroidManifest.xml:35:5-88
38-->[com.onesignal:OneSignal:3.14.0] AndroidManifest.xml:35:22-85
39    <uses-permission android:name="com.sonymobile.home.permission.PROVIDER_INSERT_BADGE" /> <!-- Apex -->
39-->[com.onesignal:OneSignal:3.14.0] AndroidManifest.xml:36:5-92
39-->[com.onesignal:OneSignal:3.14.0] AndroidManifest.xml:36:22-89
40    <uses-permission android:name="com.anddoes.launcher.permission.UPDATE_COUNT" /> <!-- Solid -->
40-->[com.onesignal:OneSignal:3.14.0] AndroidManifest.xml:37:5-84
40-->[com.onesignal:OneSignal:3.14.0] AndroidManifest.xml:37:22-81
41    <uses-permission android:name="com.majeur.launcher.permission.UPDATE_BADGE" /> <!-- Huawei -->
41-->[com.onesignal:OneSignal:3.14.0] AndroidManifest.xml:38:5-83
41-->[com.onesignal:OneSignal:3.14.0] AndroidManifest.xml:38:22-80
42    <uses-permission android:name="com.huawei.android.launcher.permission.CHANGE_BADGE" />
42-->[com.onesignal:OneSignal:3.14.0] AndroidManifest.xml:39:5-91
42-->[com.onesignal:OneSignal:3.14.0] AndroidManifest.xml:39:22-88
43    <uses-permission android:name="com.huawei.android.launcher.permission.READ_SETTINGS" />
43-->[com.onesignal:OneSignal:3.14.0] AndroidManifest.xml:40:5-92
43-->[com.onesignal:OneSignal:3.14.0] AndroidManifest.xml:40:22-89
44    <uses-permission android:name="com.huawei.android.launcher.permission.WRITE_SETTINGS" /> <!-- ZUK -->
44-->[com.onesignal:OneSignal:3.14.0] AndroidManifest.xml:41:5-93
44-->[com.onesignal:OneSignal:3.14.0] AndroidManifest.xml:41:22-90
45    <uses-permission android:name="android.permission.READ_APP_BADGE" /> <!-- OPPO -->
45-->[com.onesignal:OneSignal:3.14.0] AndroidManifest.xml:42:5-73
45-->[com.onesignal:OneSignal:3.14.0] AndroidManifest.xml:42:22-70
46    <uses-permission android:name="com.oppo.launcher.permission.READ_SETTINGS" />
46-->[com.onesignal:OneSignal:3.14.0] AndroidManifest.xml:43:5-82
46-->[com.onesignal:OneSignal:3.14.0] AndroidManifest.xml:43:22-79
47    <uses-permission android:name="com.oppo.launcher.permission.WRITE_SETTINGS" /> <!-- EvMe -->
47-->[com.onesignal:OneSignal:3.14.0] AndroidManifest.xml:44:5-83
47-->[com.onesignal:OneSignal:3.14.0] AndroidManifest.xml:44:22-80
48    <uses-permission android:name="me.everything.badger.permission.BADGE_COUNT_READ" />
48-->[com.onesignal:OneSignal:3.14.0] AndroidManifest.xml:45:5-88
48-->[com.onesignal:OneSignal:3.14.0] AndroidManifest.xml:45:22-85
49    <uses-permission android:name="me.everything.badger.permission.BADGE_COUNT_WRITE" />
49-->[com.onesignal:OneSignal:3.14.0] AndroidManifest.xml:46:5-89
49-->[com.onesignal:OneSignal:3.14.0] AndroidManifest.xml:46:22-86
50
51    <application
51-->src\main\AndroidManifest.xml:7:5-37:19
52        android:allowBackup="true"
52-->src\main\AndroidManifest.xml:8:9-35
53        android:appComponentFactory="androidx.core.app.CoreComponentFactory"
53-->[androidx.core:core:1.1.0] AndroidManifest.xml:24:18-86
54        android:debuggable="true"
55        android:icon="@mipmap/ic_launcher"
55-->src\main\AndroidManifest.xml:9:9-43
56        android:label="@string/app_name"
56-->src\main\AndroidManifest.xml:10:9-41
57        android:roundIcon="@mipmap/ic_launcher_round"
57-->src\main\AndroidManifest.xml:11:9-54
58        android:supportsRtl="true"
58-->src\main\AndroidManifest.xml:12:9-35
59        android:testOnly="true"
60        android:theme="@style/AppTheme" >
60-->src\main\AndroidManifest.xml:13:9-40
61        <activity
61-->src\main\AndroidManifest.xml:14:9-23:20
62            android:name="com.example.mess.splashscreenpg"
62-->src\main\AndroidManifest.xml:15:13-43
63            android:label="@string/app_name" >
63-->src\main\AndroidManifest.xml:16:13-45
64            <intent-filter>
64-->src\main\AndroidManifest.xml:18:13-22:29
65                <action android:name="android.intent.action.MAIN" />
65-->src\main\AndroidManifest.xml:19:17-69
65-->src\main\AndroidManifest.xml:19:25-66
66
67                <category android:name="android.intent.category.LAUNCHER" />
67-->src\main\AndroidManifest.xml:21:17-77
67-->src\main\AndroidManifest.xml:21:27-74
68            </intent-filter>
69        </activity>
70        <activity android:name="com.example.mess.aboutuspg" />
70-->src\main\AndroidManifest.xml:24:9-47
70-->src\main\AndroidManifest.xml:24:19-44
71        <activity android:name="com.example.mess.MainActivity" />
71-->src\main\AndroidManifest.xml:25:9-50
71-->src\main\AndroidManifest.xml:25:19-47
72        <activity android:name="com.example.mess.viewMenu" />
72-->src\main\AndroidManifest.xml:26:9-46
72-->src\main\AndroidManifest.xml:26:19-43
73        <activity android:name="com.example.mess.updateMenu" />
73-->src\main\AndroidManifest.xml:27:9-48
73-->src\main\AndroidManifest.xml:27:19-45
74        <activity android:name="com.example.mess.register_act" />
74-->src\main\AndroidManifest.xml:28:9-49
74-->src\main\AndroidManifest.xml:28:19-47
75        <activity android:name="com.example.mess.addMenu" />
75-->src\main\AndroidManifest.xml:29:9-44
75-->src\main\AndroidManifest.xml:29:19-42
76        <activity android:name="com.example.mess.Timeorder" />
76-->src\main\AndroidManifest.xml:30:9-46
76-->src\main\AndroidManifest.xml:30:19-44
77        <activity android:name="com.example.mess.login_act" />
77-->src\main\AndroidManifest.xml:31:9-46
77-->src\main\AndroidManifest.xml:31:19-44
78        <activity android:name="com.example.mess.reqfood" />
78-->src\main\AndroidManifest.xml:32:9-44
78-->src\main\AndroidManifest.xml:32:19-42
79        <activity android:name="com.example.mess.fooditems" />
79-->src\main\AndroidManifest.xml:33:9-46
79-->src\main\AndroidManifest.xml:33:19-44
80        <activity android:name="com.example.mess.Recieptpage" />
80-->src\main\AndroidManifest.xml:34:9-48
80-->src\main\AndroidManifest.xml:34:19-46
81        <activity android:name="com.example.mess.resetpasswordpg" />
81-->src\main\AndroidManifest.xml:35:9-52
81-->src\main\AndroidManifest.xml:35:19-50
82        <activity android:name="com.example.mess.paymentpg" />
82-->src\main\AndroidManifest.xml:36:9-46
82-->src\main\AndroidManifest.xml:36:19-44
83
84        <service
84-->[com.google.firebase:firebase-storage:19.1.0] AndroidManifest.xml:30:9-36:19
85            android:name="com.google.firebase.components.ComponentDiscoveryService"
85-->[com.google.firebase:firebase-storage:19.1.0] AndroidManifest.xml:31:13-84
86            android:directBootAware="true"
86-->[com.google.firebase:firebase-common:19.3.0] AndroidManifest.xml:34:13-43
87            android:exported="false" >
87-->[com.google.firebase:firebase-storage:19.1.0] AndroidManifest.xml:32:13-37
88            <meta-data
88-->[com.google.firebase:firebase-storage:19.1.0] AndroidManifest.xml:33:13-35:85
89                android:name="com.google.firebase.components:com.google.firebase.storage.StorageRegistrar"
89-->[com.google.firebase:firebase-storage:19.1.0] AndroidManifest.xml:34:17-107
90                android:value="com.google.firebase.components.ComponentRegistrar" />
90-->[com.google.firebase:firebase-storage:19.1.0] AndroidManifest.xml:35:17-82
91            <meta-data
91-->[com.google.firebase:firebase-auth:19.2.0] AndroidManifest.xml:36:13-38:85
92                android:name="com.google.firebase.components:com.google.firebase.auth.FirebaseAuthRegistrar"
92-->[com.google.firebase:firebase-auth:19.2.0] AndroidManifest.xml:37:17-109
93                android:value="com.google.firebase.components.ComponentRegistrar" />
93-->[com.google.firebase:firebase-auth:19.2.0] AndroidManifest.xml:38:17-82
94            <meta-data
94-->[com.google.firebase:firebase-database:19.2.0] AndroidManifest.xml:32:13-34:85
95                android:name="com.google.firebase.components:com.google.firebase.database.DatabaseRegistrar"
95-->[com.google.firebase:firebase-database:19.2.0] AndroidManifest.xml:33:17-109
96                android:value="com.google.firebase.components.ComponentRegistrar" />
96-->[com.google.firebase:firebase-database:19.2.0] AndroidManifest.xml:34:17-82
97            <meta-data
97-->[com.google.firebase:firebase-iid:19.0.0] AndroidManifest.xml:32:13-34:85
98                android:name="com.google.firebase.components:com.google.firebase.iid.Registrar"
98-->[com.google.firebase:firebase-iid:19.0.0] AndroidManifest.xml:33:17-96
99                android:value="com.google.firebase.components.ComponentRegistrar" />
99-->[com.google.firebase:firebase-iid:19.0.0] AndroidManifest.xml:34:17-82
100        </service>
101
102        <activity
102-->[com.google.firebase:firebase-auth:19.2.0] AndroidManifest.xml:24:9-31:50
103            android:name="com.google.firebase.auth.internal.FederatedSignInActivity"
103-->[com.google.firebase:firebase-auth:19.2.0] AndroidManifest.xml:25:13-85
104            android:excludeFromRecents="true"
104-->[com.google.firebase:firebase-auth:19.2.0] AndroidManifest.xml:26:13-46
105            android:exported="true"
105-->[com.google.firebase:firebase-auth:19.2.0] AndroidManifest.xml:27:13-36
106            android:launchMode="singleTask"
106-->[com.google.firebase:firebase-auth:19.2.0] AndroidManifest.xml:28:13-44
107            android:permission="com.google.firebase.auth.api.gms.permission.LAUNCH_FEDERATED_SIGN_IN"
107-->[com.google.firebase:firebase-auth:19.2.0] AndroidManifest.xml:29:13-102
108            android:theme="@android:style/Theme.Translucent.NoTitleBar" />
108-->[com.google.firebase:firebase-auth:19.2.0] AndroidManifest.xml:30:13-72
109
110        <meta-data
110-->[com.onesignal:OneSignal:3.14.0] AndroidManifest.xml:49:9-51:51
111            android:name="onesignal_app_id"
111-->[com.onesignal:OneSignal:3.14.0] AndroidManifest.xml:50:13-44
112            android:value="92f8370f-5004-47f8-b3cf-5a3c7e98555e" /> <!-- Deprecated - Pulled from OneSignal dashboard. -->
112-->[com.onesignal:OneSignal:3.14.0] AndroidManifest.xml:51:13-48
113        <meta-data
113-->[com.onesignal:OneSignal:3.14.0] AndroidManifest.xml:53:9-55:70
114            android:name="onesignal_google_project_number"
114-->[com.onesignal:OneSignal:3.14.0] AndroidManifest.xml:54:13-59
115            android:value="str:REMOTE" />
115-->[com.onesignal:OneSignal:3.14.0] AndroidManifest.xml:55:13-67
116
117        <receiver
117-->[com.onesignal:OneSignal:3.14.0] AndroidManifest.xml:57:9-67:20
118            android:name="com.onesignal.GcmBroadcastReceiver"
118-->[com.onesignal:OneSignal:3.14.0] AndroidManifest.xml:58:13-62
119            android:permission="com.google.android.c2dm.permission.SEND" >
119-->[com.onesignal:OneSignal:3.14.0] AndroidManifest.xml:59:13-73
120
121            <!-- High priority so OneSignal payloads can be filtered from other GCM receivers if filterOtherGCMReceivers is enabled. -->
122            <intent-filter android:priority="999" >
122-->[com.onesignal:OneSignal:3.14.0] AndroidManifest.xml:62:13-66:29
122-->[com.onesignal:OneSignal:3.14.0] AndroidManifest.xml:62:28-50
123                <action android:name="com.google.android.c2dm.intent.RECEIVE" />
123-->[com.onesignal:OneSignal:3.14.0] AndroidManifest.xml:63:17-81
123-->[com.onesignal:OneSignal:3.14.0] AndroidManifest.xml:63:25-78
124
125                <category android:name="com.example.mess" />
125-->[com.onesignal:OneSignal:3.14.0] AndroidManifest.xml:65:17-61
125-->[com.onesignal:OneSignal:3.14.0] AndroidManifest.xml:65:27-58
126            </intent-filter>
127        </receiver>
128        <receiver android:name="com.onesignal.NotificationOpenedReceiver" />
128-->[com.onesignal:OneSignal:3.14.0] AndroidManifest.xml:68:9-77
128-->[com.onesignal:OneSignal:3.14.0] AndroidManifest.xml:68:19-74
129
130        <service android:name="com.onesignal.GcmIntentService" />
130-->[com.onesignal:OneSignal:3.14.0] AndroidManifest.xml:70:9-66
130-->[com.onesignal:OneSignal:3.14.0] AndroidManifest.xml:70:18-63
131        <service
131-->[com.onesignal:OneSignal:3.14.0] AndroidManifest.xml:71:9-73:72
132            android:name="com.onesignal.GcmIntentJobService"
132-->[com.onesignal:OneSignal:3.14.0] AndroidManifest.xml:72:13-61
133            android:permission="android.permission.BIND_JOB_SERVICE" />
133-->[com.onesignal:OneSignal:3.14.0] AndroidManifest.xml:73:13-69
134        <service
134-->[com.onesignal:OneSignal:3.14.0] AndroidManifest.xml:74:9-76:72
135            android:name="com.onesignal.RestoreJobService"
135-->[com.onesignal:OneSignal:3.14.0] AndroidManifest.xml:75:13-59
136            android:permission="android.permission.BIND_JOB_SERVICE" />
136-->[com.onesignal:OneSignal:3.14.0] AndroidManifest.xml:76:13-69
137        <service
137-->[com.onesignal:OneSignal:3.14.0] AndroidManifest.xml:77:9-79:72
138            android:name="com.onesignal.RestoreKickoffJobService"
138-->[com.onesignal:OneSignal:3.14.0] AndroidManifest.xml:78:13-66
139            android:permission="android.permission.BIND_JOB_SERVICE" />
139-->[com.onesignal:OneSignal:3.14.0] AndroidManifest.xml:79:13-69
140        <service
140-->[com.onesignal:OneSignal:3.14.0] AndroidManifest.xml:80:9-82:43
141            android:name="com.onesignal.SyncService"
141-->[com.onesignal:OneSignal:3.14.0] AndroidManifest.xml:81:13-53
142            android:stopWithTask="true" />
142-->[com.onesignal:OneSignal:3.14.0] AndroidManifest.xml:82:13-40
143        <service
143-->[com.onesignal:OneSignal:3.14.0] AndroidManifest.xml:83:9-85:72
144            android:name="com.onesignal.SyncJobService"
144-->[com.onesignal:OneSignal:3.14.0] AndroidManifest.xml:84:13-56
145            android:permission="android.permission.BIND_JOB_SERVICE" />
145-->[com.onesignal:OneSignal:3.14.0] AndroidManifest.xml:85:13-69
146
147        <activity
147-->[com.onesignal:OneSignal:3.14.0] AndroidManifest.xml:87:9-89:75
148            android:name="com.onesignal.PermissionsActivity"
148-->[com.onesignal:OneSignal:3.14.0] AndroidManifest.xml:88:13-61
149            android:theme="@android:style/Theme.Translucent.NoTitleBar" />
149-->[com.onesignal:OneSignal:3.14.0] AndroidManifest.xml:89:13-72
150
151        <service android:name="com.onesignal.NotificationRestoreService" />
151-->[com.onesignal:OneSignal:3.14.0] AndroidManifest.xml:91:9-76
151-->[com.onesignal:OneSignal:3.14.0] AndroidManifest.xml:91:18-73
152
153        <receiver android:name="com.onesignal.BootUpReceiver" >
153-->[com.onesignal:OneSignal:3.14.0] AndroidManifest.xml:93:9-98:20
153-->[com.onesignal:OneSignal:3.14.0] AndroidManifest.xml:93:19-62
154            <intent-filter>
154-->[com.onesignal:OneSignal:3.14.0] AndroidManifest.xml:94:13-97:29
155                <action android:name="android.intent.action.BOOT_COMPLETED" />
155-->[com.onesignal:OneSignal:3.14.0] AndroidManifest.xml:95:17-79
155-->[com.onesignal:OneSignal:3.14.0] AndroidManifest.xml:95:25-76
156                <action android:name="android.intent.action.QUICKBOOT_POWERON" />
156-->[com.onesignal:OneSignal:3.14.0] AndroidManifest.xml:96:17-82
156-->[com.onesignal:OneSignal:3.14.0] AndroidManifest.xml:96:25-79
157            </intent-filter>
158        </receiver>
159        <receiver android:name="com.onesignal.UpgradeReceiver" >
159-->[com.onesignal:OneSignal:3.14.0] AndroidManifest.xml:99:9-103:20
159-->[com.onesignal:OneSignal:3.14.0] AndroidManifest.xml:99:19-63
160            <intent-filter>
160-->[com.onesignal:OneSignal:3.14.0] AndroidManifest.xml:100:13-102:29
161                <action android:name="android.intent.action.MY_PACKAGE_REPLACED" />
161-->[com.onesignal:OneSignal:3.14.0] AndroidManifest.xml:101:17-84
161-->[com.onesignal:OneSignal:3.14.0] AndroidManifest.xml:101:25-81
162            </intent-filter>
163        </receiver>
164        <!--
165             FirebaseMessagingService performs security checks at runtime,
166             but set to not exported to explicitly avoid allowing another app to call it.
167        -->
168        <service
168-->[com.google.firebase:firebase-messaging:18.0.0] AndroidManifest.xml:28:9-34:19
169            android:name="com.google.firebase.messaging.FirebaseMessagingService"
169-->[com.google.firebase:firebase-messaging:18.0.0] AndroidManifest.xml:29:13-82
170            android:exported="false" >
170-->[com.google.firebase:firebase-messaging:18.0.0] AndroidManifest.xml:30:13-37
171            <intent-filter android:priority="-500" >
171-->[com.google.firebase:firebase-messaging:18.0.0] AndroidManifest.xml:31:13-33:29
171-->[com.google.firebase:firebase-messaging:18.0.0] AndroidManifest.xml:31:28-51
172                <action android:name="com.google.firebase.MESSAGING_EVENT" />
172-->[com.google.firebase:firebase-messaging:18.0.0] AndroidManifest.xml:32:17-78
172-->[com.google.firebase:firebase-messaging:18.0.0] AndroidManifest.xml:32:25-75
173            </intent-filter>
174        </service>
175
176        <receiver
176-->[com.google.firebase:firebase-iid:19.0.0] AndroidManifest.xml:37:9-44:20
177            android:name="com.google.firebase.iid.FirebaseInstanceIdReceiver"
177-->[com.google.firebase:firebase-iid:19.0.0] AndroidManifest.xml:38:13-78
178            android:exported="true"
178-->[com.google.firebase:firebase-iid:19.0.0] AndroidManifest.xml:39:13-36
179            android:permission="com.google.android.c2dm.permission.SEND" >
179-->[com.google.firebase:firebase-iid:19.0.0] AndroidManifest.xml:40:13-73
180            <intent-filter>
180-->[com.google.firebase:firebase-iid:19.0.0] AndroidManifest.xml:41:13-43:29
181                <action android:name="com.google.android.c2dm.intent.RECEIVE" />
181-->[com.onesignal:OneSignal:3.14.0] AndroidManifest.xml:63:17-81
181-->[com.onesignal:OneSignal:3.14.0] AndroidManifest.xml:63:25-78
182            </intent-filter>
183        </receiver>
184
185        <activity
185-->[com.google.android.gms:play-services-base:17.1.0] AndroidManifest.xml:23:9-26:75
186            android:name="com.google.android.gms.common.api.GoogleApiActivity"
186-->[com.google.android.gms:play-services-base:17.1.0] AndroidManifest.xml:24:13-79
187            android:exported="false"
187-->[com.google.android.gms:play-services-base:17.1.0] AndroidManifest.xml:25:13-37
188            android:theme="@android:style/Theme.Translucent.NoTitleBar" />
188-->[com.google.android.gms:play-services-base:17.1.0] AndroidManifest.xml:26:13-72
189
190        <provider
190-->[com.google.firebase:firebase-common:19.3.0] AndroidManifest.xml:26:9-30:39
191            android:name="com.google.firebase.provider.FirebaseInitProvider"
191-->[com.google.firebase:firebase-common:19.3.0] AndroidManifest.xml:27:13-77
192            android:authorities="com.example.mess.firebaseinitprovider"
192-->[com.google.firebase:firebase-common:19.3.0] AndroidManifest.xml:28:13-72
193            android:exported="false"
193-->[com.google.firebase:firebase-common:19.3.0] AndroidManifest.xml:29:13-37
194            android:initOrder="100" />
194-->[com.google.firebase:firebase-common:19.3.0] AndroidManifest.xml:30:13-36
195
196        <meta-data
196-->[com.google.android.gms:play-services-basement:17.0.0] AndroidManifest.xml:23:9-25:69
197            android:name="com.google.android.gms.version"
197-->[com.google.android.gms:play-services-basement:17.0.0] AndroidManifest.xml:24:13-58
198            android:value="@integer/google_play_services_version" />
198-->[com.google.android.gms:play-services-basement:17.0.0] AndroidManifest.xml:25:13-66
199
200        <provider
200-->[androidx.lifecycle:lifecycle-process:2.0.0] AndroidManifest.xml:23:9-27:43
201            android:name="androidx.lifecycle.ProcessLifecycleOwnerInitializer"
201-->[androidx.lifecycle:lifecycle-process:2.0.0] AndroidManifest.xml:24:13-79
202            android:authorities="com.example.mess.lifecycle-process"
202-->[androidx.lifecycle:lifecycle-process:2.0.0] AndroidManifest.xml:25:13-69
203            android:exported="false"
203-->[androidx.lifecycle:lifecycle-process:2.0.0] AndroidManifest.xml:26:13-37
204            android:multiprocess="true" />
204-->[androidx.lifecycle:lifecycle-process:2.0.0] AndroidManifest.xml:27:13-40
205    </application>
206
207</manifest>